<?xml version="1.0" encoding="UTF-8"?>
<testng-results ignored="0" total="7" passed="7" failed="0" skipped="0">
  <reporter-output>
  </reporter-output>
  <suite started-at="2025-09-02T12:11:26 IST" name="Default suite" finished-at="2025-09-02T12:12:43 IST" duration-ms="76868">
    <groups>
      <group name="cucumber">
        <method signature="AbstractTestNGCucumberTests.runScenario(io.cucumber.testng.PickleWrapper,io.cucumber.testng.FeatureWrapper)[pri:0, instance:testRunner.AppTest@3f56875e]" name="runScenario" class="io.cucumber.testng.AbstractTestNGCucumberTests"/>
      </group> <!-- cucumber -->
    </groups>
    <test started-at="2025-09-02T12:11:26 IST" name="Default test" finished-at="2025-09-02T12:12:43 IST" duration-ms="76868">
      <class name="testRunner.AppTest">
        <test-method is-config="true" signature="setUpClass(org.testng.ITestContext)[pri:0, instance:testRunner.AppTest@3f56875e]" started-at="2025-09-02T12:11:26 IST" name="setUpClass" finished-at="2025-09-02T12:11:27 IST" duration-ms="585" status="PASS">
          <params>
            <param index="0">
              <value>
                <![CDATA[org.testng.TestRunner@484302ee]]>
              </value>
            </param>
          </params>
          <reporter-output>
          </reporter-output>
        </test-method> <!-- setUpClass -->
        <test-method signature="runScenario(io.cucumber.testng.PickleWrapper,io.cucumber.testng.FeatureWrapper)[pri:0, instance:testRunner.AppTest@3f56875e]" started-at="2025-09-02T12:11:27 IST" name="runScenario" description="Runs Cucumber Scenarios" data-provider="scenarios" finished-at="2025-09-02T12:11:39 IST" duration-ms="11841" status="PASS">
          <params>
            <param index="0">
              <value>
                <![CDATA["Login as admin"]]>
              </value>
            </param>
            <param index="1">
              <value>
                <![CDATA["login functionality to orangehrm website as admin"]]>
              </value>
            </param>
          </params>
          <reporter-output>
          </reporter-output>
        </test-method> <!-- runScenario -->
        <test-method signature="runScenario(io.cucumber.testng.PickleWrapper,io.cucumber.testng.FeatureWrapper)[pri:0, instance:testRunner.AppTest@3f56875e]" started-at="2025-09-02T12:11:39 IST" name="runScenario" description="Runs Cucumber Scenarios" data-provider="scenarios" finished-at="2025-09-02T12:11:49 IST" duration-ms="10437" status="PASS">
          <params>
            <param index="0">
              <value>
                <![CDATA["Login with invalid data"]]>
              </value>
            </param>
            <param index="1">
              <value>
                <![CDATA["login functionality to orangehrm website as admin"]]>
              </value>
            </param>
          </params>
          <reporter-output>
          </reporter-output>
        </test-method> <!-- runScenario -->
        <test-method signature="runScenario(io.cucumber.testng.PickleWrapper,io.cucumber.testng.FeatureWrapper)[pri:0, instance:testRunner.AppTest@3f56875e]" started-at="2025-09-02T12:11:49 IST" name="runScenario" description="Runs Cucumber Scenarios" data-provider="scenarios" finished-at="2025-09-02T12:11:59 IST" duration-ms="10210" status="PASS">
          <params>
            <param index="0">
              <value>
                <![CDATA["Login with invalid data"]]>
              </value>
            </param>
            <param index="1">
              <value>
                <![CDATA["login functionality to orangehrm website as admin"]]>
              </value>
            </param>
          </params>
          <reporter-output>
          </reporter-output>
        </test-method> <!-- runScenario -->
        <test-method signature="runScenario(io.cucumber.testng.PickleWrapper,io.cucumber.testng.FeatureWrapper)[pri:0, instance:testRunner.AppTest@3f56875e]" started-at="2025-09-02T12:11:59 IST" name="runScenario" description="Runs Cucumber Scenarios" data-provider="scenarios" finished-at="2025-09-02T12:12:10 IST" duration-ms="10404" status="PASS">
          <params>
            <param index="0">
              <value>
                <![CDATA["Login with invalid data"]]>
              </value>
            </param>
            <param index="1">
              <value>
                <![CDATA["login functionality to orangehrm website as admin"]]>
              </value>
            </param>
          </params>
          <reporter-output>
          </reporter-output>
        </test-method> <!-- runScenario -->
        <test-method signature="runScenario(io.cucumber.testng.PickleWrapper,io.cucumber.testng.FeatureWrapper)[pri:0, instance:testRunner.AppTest@3f56875e]" started-at="2025-09-02T12:12:10 IST" name="runScenario" description="Runs Cucumber Scenarios" data-provider="scenarios" finished-at="2025-09-02T12:12:21 IST" duration-ms="10871" status="PASS">
          <params>
            <param index="0">
              <value>
                <![CDATA["Login with blank username"]]>
              </value>
            </param>
            <param index="1">
              <value>
                <![CDATA["login functionality to orangehrm website as admin"]]>
              </value>
            </param>
          </params>
          <reporter-output>
          </reporter-output>
        </test-method> <!-- runScenario -->
        <test-method signature="runScenario(io.cucumber.testng.PickleWrapper,io.cucumber.testng.FeatureWrapper)[pri:0, instance:testRunner.AppTest@3f56875e]" started-at="2025-09-02T12:12:21 IST" name="runScenario" description="Runs Cucumber Scenarios" data-provider="scenarios" finished-at="2025-09-02T12:12:31 IST" duration-ms="10186" status="PASS">
          <params>
            <param index="0">
              <value>
                <![CDATA["Login with blank username"]]>
              </value>
            </param>
            <param index="1">
              <value>
                <![CDATA["login functionality to orangehrm website as admin"]]>
              </value>
            </param>
          </params>
          <reporter-output>
          </reporter-output>
        </test-method> <!-- runScenario -->
        <test-method signature="runScenario(io.cucumber.testng.PickleWrapper,io.cucumber.testng.FeatureWrapper)[pri:0, instance:testRunner.AppTest@3f56875e]" started-at="2025-09-02T12:12:31 IST" name="runScenario" description="Runs Cucumber Scenarios" data-provider="scenarios" finished-at="2025-09-02T12:12:42 IST" duration-ms="11089" status="PASS">
          <params>
            <param index="0">
              <value>
                <![CDATA["Login with blank username"]]>
              </value>
            </param>
            <param index="1">
              <value>
                <![CDATA["login functionality to orangehrm website as admin"]]>
              </value>
            </param>
          </params>
          <reporter-output>
          </reporter-output>
        </test-method> <!-- runScenario -->
        <test-method is-config="true" signature="tearDownClass()[pri:0, instance:testRunner.AppTest@3f56875e]" started-at="2025-09-02T12:12:42 IST" name="tearDownClass" finished-at="2025-09-02T12:12:43 IST" duration-ms="1184" status="PASS">
          <reporter-output>
          </reporter-output>
        </test-method> <!-- tearDownClass -->
      </class> <!-- testRunner.AppTest -->
    </test> <!-- Default test -->
  </suite> <!-- Default suite -->
</testng-results>
